<?xml version="1.0" encoding="UTF-8"?>
<!-- Generated by org.testng.reporters.JUnitReportReporter -->
<testsuite hostname="Mohit" failures="0" tests="3" name="Selenium.Testpackage.SubmitOrder" time="44.160" errors="0" timestamp="2025-03-30T22:22:58 IST" skipped="0">
  <testcase classname="Selenium.Testpackage.SubmitOrder" name="OrderHistory" time="11.723"/>
  <testcase classname="Selenium.Testpackage.SubmitOrder" name="submitOrder" time="11.753"/>
  <testcase classname="Selenium.Testpackage.SubmitOrder" name="addOrders" time="20.684"/>
</testsuite> <!-- Selenium.Testpackage.SubmitOrder -->
