<?xml version="1.0" encoding="UTF-8"?>
<!-- Generated by org.testng.reporters.JUnitReportReporter -->
<testsuite hostname="Mohit" failures="0" tests="1" name="Selenium.Testpackage.StandaloneTests" time="19.804" errors="0" timestamp="2025-03-30T22:21:51 IST" skipped="0">
  <testcase classname="Selenium.Testpackage.StandaloneTests" name="Full" time="19.804"/>
</testsuite> <!-- Selenium.Testpackage.StandaloneTests -->
