<?xml version="1.0" encoding="UTF-8"?>
<!-- Generated by org.testng.reporters.JUnitReportReporter -->
<testsuite hostname="Mohit" failures="0" tests="2" name="Selenium.Testpackage.ErrorValidationTest" time="16.434" errors="0" timestamp="2025-03-31T14:45:52 IST" skipped="0">
  <testcase classname="Selenium.Testpackage.ErrorValidationTest" name="validateSignout" time="10.431"/>
  <testcase classname="Selenium.Testpackage.ErrorValidationTest" name="validateSignout" time="6.003"/>
</testsuite> <!-- Selenium.Testpackage.ErrorValidationTest -->
